
> web@1.0.0 build C:\Users\saulu\OneDrive\Documents\Blog-lizmoreno\apps\web
> astro build

[2m22:33:12[22m [34m[content][39m Syncing content
[2m22:33:12[22m [34m[content][39m Synced content
[2m22:33:12[22m [34m[types][39m Generated [2m38ms[22m
[2m22:33:12[22m [34m[build][39m output: [34m"static"[39m
[2m22:33:12[22m [34m[build][39m mode: [34m"static"[39m
[2m22:33:12[22m [34m[build][39m directory: [34mC:\Users\saulu\OneDrive\Documents\Blog-lizmoreno\apps\web\dist\[39m
[2m22:33:12[22m [34m[build][39m Collecting build info...
[2m22:33:12[22m [34m[build][39m [32mÔ£ô Completed in 116ms.[39m
[2m22:33:12[22m [34m[build][39m Building static entrypoints...
node.exe : [31m[1m22:33:13[22m [ERROR] 
[vite][39m [31mÔ£ù[39m Build failed in 1.22s
En C:\Users\saulu\AppData\Roaming\npm\pnpm.ps1: 
24 Carácter: 5
+     & "node$exe"  
"$basedir/node_modules/pnpm/bin/pnpm.cjs" $args
+     ~~~~~~~~~~~~~~~~~~~~~~~~~~~~~~~~~~~~~~~~~~~
~~~~~~~~~~~~~~~~~~
    + CategoryInfo          : NotSpecified: ([3 
   1m[1m22:33:...failed in 1.22s:String) [], R  
  emoteException
    + FullyQualifiedErrorId : NativeCommandError
 
Could not resolve "../../../lib/sanity/client" 
from "src/components/portabletext/Image.astro"
file: C:/Users/saulu/OneDrive/Documents/Blog-lizm
oreno/apps/web/src/components/portabletext/Image.
astro
  [1mStack trace:[22m
[2m    at getRollupError (file:///C:/Users/saulu
/OneDrive/Documents/Blog-lizmoreno/node_modules/.
pnpm/rollup@4.60.3/node_modules/rollup/dist/es/sh
ared/parseAst.js:406:41)
    at ModuleLoader.handleInvalidResolvedId (file
:///C:/Users/saulu/OneDrive/Documents/Blog-lizmor
eno/node_modules/.pnpm/rollup@4.60.3/node_modules
/rollup/dist/es/shared/node-entry.js:22126:24)[2
2m
ÔÇëELIFECYCLEÔÇë Command failed with exit code 1.
